build/app/outputs/logs/manifest-merger-debug-report.txt
-- Merging decision tree log ---
manifest
ADDED from src\main\AndroidManifest.xml:1:1-39:12
INJECTED from src\main\AndroidManifest.xml:1:1-39:12
INJECTED from src\main\AndroidManifest.xml:1:1-39:12
INJECTED from src\main\AndroidManifest.xml:1:1-39:12
MERGED from [com.google.firebase:firebase-core:9.0.0] AndroidManifest.xml:2:1-6:12
MERGED from [:camera] AndroidManifest.xml:2:1-10:12
MERGED from [:tflite] AndroidManifest.xml:2:1-7:12
MERGED from [androidx.multidex:multidex:2.0.0] AndroidManifest.xml:17:1-22:12
MERGED from [com.google.firebase:firebase-analytics:9.0.0] AndroidManifest.xml:16:1-42:12
MERGED from [com.google.firebase:firebase-analytics-impl:9.0.0] AndroidManifest.xml:16:1-42:12
MERGED from [com.google.android.gms:play-services-base:9.0.0] AndroidManifest.xml:16:1-24:12
MERGED from [com.google.firebase:firebase-iid:9.0.0] AndroidManifest.xml:16:1-60:12
MERGED from [com.google.firebase:firebase-common:9.0.0] AndroidManifest.xml:2:1-13:12
MERGED from [com.google.android.gms:play-services-tasks:9.0.0] AndroidManifest.xml:2:1-6:12
MERGED from [com.google.android.gms:play-services-basement:9.0.0] AndroidManifest.xml:16:1-26:12
MERGED from [androidx.legacy:legacy-support-v4:1.0.0-rc01] AndroidManifest.xml:17:1-22:12
MERGED from [androidx.fragment:fragment:1.1.0] AndroidManifest.xml:17:1-24:12
MERGED from [androidx.activity:activity:1.0.0] AndroidManifest.xml:17:1-24:12
MERGED from [androidx.legacy:legacy-support-core-ui:1.0.0-rc01] AndroidManifest.xml:17:1-22:12
MERGED from [androidx.viewpager:viewpager:1.0.0] AndroidManifest.xml:17:1-22:12
MERGED from [androidx.legacy:legacy-support-core-utils:1.0.0-rc01] AndroidManifest.xml:17:1-22:12
MERGED from [androidx.loader:loader:1.0.0] AndroidManifest.xml:17:1-22:12
MERGED from [androidx.coordinatorlayout:coordinatorlayout:1.0.0-rc01] AndroidManifest.xml:17:1-22:12
MERGED from [androidx.drawerlayout:drawerlayout:1.0.0-rc01] AndroidManifest.xml:17:1-22:12
MERGED from [androidx.slidingpanelayout:slidingpanelayout:1.0.0-rc01] AndroidManifest.xml:17:1-22:12
MERGED from [androidx.customview:customview:1.0.0] AndroidManifest.xml:17:1-22:12
MERGED from [androidx.media:media:1.0.0-rc01] AndroidManifest.xml:17:1-22:12
MERGED from [androidx.swiperefreshlayout:swiperefreshlayout:1.0.0-rc01] AndroidManifest.xml:17:1-22:12
MERGED from [androidx.asynclayoutinflater:asynclayoutinflater:1.0.0-rc01] AndroidManifest.xml:17:1-22:12
MERGED from [androidx.core:core:1.1.0] AndroidManifest.xml:17:1-26:12
MERGED from [androidx.lifecycle:lifecycle-runtime:2.2.0] AndroidManifest.xml:17:1-24:12
MERGED from [androidx.savedstate:savedstate:1.0.0] AndroidManifest.xml:17:1-24:12
MERGED from [androidx.lifecycle:lifecycle-livedata:2.0.0] AndroidManifest.xml:17:1-22:12
MERGED from [androidx.lifecycle:lifecycle-livedata-core:2.0.0] AndroidManifest.xml:17:1-22:12
MERGED from [androidx.arch.core:core-runtime:2.0.0] AndroidManifest.xml:17:1-22:12
MERGED from [androidx.versionedparcelable:versionedparcelable:1.1.0] AndroidManifest.xml:17:1-27:12
MERGED from [androidx.lifecycle:lifecycle-viewmodel:2.1.0] AndroidManifest.xml:17:1-22:12
MERGED from [androidx.documentfile:documentfile:1.0.0-rc01] AndroidManifest.xml:17:1-22:12
MERGED from [androidx.localbroadcastmanager:localbroadcastmanager:1.0.0-rc01] AndroidManifest.xml:17:1-22:12
MERGED from [androidx.print:print:1.0.0-rc01] AndroidManifest.xml:17:1-22:12
MERGED from [androidx.interpolator:interpolator:1.0.0-rc01] AndroidManifest.xml:17:1-22:12
MERGED from [androidx.cursoradapter:cursoradapter:1.0.0-rc01] AndroidManifest.xml:17:1-22:12
MERGED from [org.tensorflow:tensorflow-lite:2.2.0] AndroidManifest.xml:2:1-12:12
INJECTED from src\main\AndroidManifest.xml:1:1-39:12
INJECTED from src\main\AndroidManifest.xml:1:1-39:12
INJECTED from src\main\AndroidManifest.xml:1:1-39:12
	package
		ADDED from src\main\AndroidManifest.xml:2:5-42
		INJECTED from src\main\AndroidManifest.xml
		INJECTED from src\main\AndroidManifest.xml
	android:versionName
		INJECTED from src\main\AndroidManifest.xml
		ADDED from src\main\AndroidManifest.xml:1:1-39:12
		INJECTED from src\main\AndroidManifest.xml
	android:versionCode
		INJECTED from src\main\AndroidManifest.xml
		ADDED from src\main\AndroidManifest.xml:1:1-39:12
		INJECTED from src\main\AndroidManifest.xml
	xmlns:android
		ADDED from src\main\AndroidManifest.xml:1:11-69
uses-permission#android.permission.INTERNET
ADDED from src\main\AndroidManifest.xml:8:5-66
MERGED from [com.google.firebase:firebase-analytics:9.0.0] AndroidManifest.xml:21:5-67
MERGED from [com.google.firebase:firebase-analytics:9.0.0] AndroidManifest.xml:21:5-67
MERGED from [com.google.firebase:firebase-analytics-impl:9.0.0] AndroidManifest.xml:21:5-67
MERGED from [com.google.firebase:firebase-analytics-impl:9.0.0] AndroidManifest.xml:21:5-67
MERGED from [com.google.firebase:firebase-iid:9.0.0] AndroidManifest.xml:21:5-67
MERGED from [com.google.firebase:firebase-iid:9.0.0] AndroidManifest.xml:21:5-67
	android:name
		ADDED from src\main\AndroidManifest.xml:8:22-64
application
ADDED from src\main\AndroidManifest.xml:15:5-38:19
MERGED from [com.google.firebase:firebase-core:9.0.0] AndroidManifest.xml:5:5-20
MERGED from [com.google.firebase:firebase-core:9.0.0] AndroidManifest.xml:5:5-20
MERGED from [com.google.firebase:firebase-analytics:9.0.0] AndroidManifest.xml:26:5-41:19
MERGED from [com.google.firebase:firebase-analytics:9.0.0] AndroidManifest.xml:26:5-41:19
MERGED from [com.google.firebase:firebase-analytics-impl:9.0.0] AndroidManifest.xml:26:5-41:19
MERGED from [com.google.firebase:firebase-analytics-impl:9.0.0] AndroidManifest.xml:26:5-41:19
MERGED from [com.google.android.gms:play-services-base:9.0.0] AndroidManifest.xml:19:5-23:19
MERGED from [com.google.android.gms:play-services-base:9.0.0] AndroidManifest.xml:19:5-23:19
MERGED from [com.google.firebase:firebase-iid:9.0.0] AndroidManifest.xml:30:5-59:19
MERGED from [com.google.firebase:firebase-iid:9.0.0] AndroidManifest.xml:30:5-59:19
MERGED from [com.google.firebase:firebase-common:9.0.0] AndroidManifest.xml:5:5-12:19
MERGED from [com.google.firebase:firebase-common:9.0.0] AndroidManifest.xml:5:5-12:19
MERGED from [com.google.android.gms:play-services-tasks:9.0.0] AndroidManifest.xml:5:5-20
MERGED from [com.google.android.gms:play-services-tasks:9.0.0] AndroidManifest.xml:5:5-20
MERGED from [com.google.android.gms:play-services-basement:9.0.0] AndroidManifest.xml:20:5-24:19
MERGED from [com.google.android.gms:play-services-basement:9.0.0] AndroidManifest.xml:20:5-24:19
MERGED from [androidx.core:core:1.1.0] AndroidManifest.xml:24:5-89
MERGED from [androidx.core:core:1.1.0] AndroidManifest.xml:24:5-89
MERGED from [androidx.versionedparcelable:versionedparcelable:1.1.0] AndroidManifest.xml:24:5-25:19
MERGED from [androidx.versionedparcelable:versionedparcelable:1.1.0] AndroidManifest.xml:24:5-25:19
MERGED from [org.tensorflow:tensorflow-lite:2.2.0] AndroidManifest.xml:10:5-20
MERGED from [org.tensorflow:tensorflow-lite:2.2.0] AndroidManifest.xml:10:5-20
	android:appComponentFactory
		ADDED from [androidx.core:core:1.1.0] AndroidManifest.xml:24:18-86
	android:label
		ADDED from src\main\AndroidManifest.xml:17:9-41
	android:icon
		ADDED from src\main\AndroidManifest.xml:18:9-43
	android:name
		ADDED from src\main\AndroidManifest.xml:16:9-57
activity#com.example.examplerealtime.MainActivity
ADDED from src\main\AndroidManifest.xml:19:9-37:20
	android:launchMode
		ADDED from src\main\AndroidManifest.xml:21:13-43
	android:hardwareAccelerated
		ADDED from src\main\AndroidManifest.xml:24:13-47
	android:windowSoftInputMode
		ADDED from src\main\AndroidManifest.xml:25:13-55
	android:configChanges
		ADDED from src\main\AndroidManifest.xml:23:13-137
	android:theme
		ADDED from src\main\AndroidManifest.xml:22:13-47
	android:name
		ADDED from src\main\AndroidManifest.xml:20:13-41
meta-data#io.flutter.app.android.SplashScreenUntilFirstFrame
ADDED from src\main\AndroidManifest.xml:30:13-32:40
	android:value
		ADDED from src\main\AndroidManifest.xml:32:17-37
	android:name
		ADDED from src\main\AndroidManifest.xml:31:17-82
intent-filter#action:name:android.intent.action.MAIN+category:name:android.intent.category.LAUNCHER
ADDED from src\main\AndroidManifest.xml:33:13-36:29
action#android.intent.action.MAIN
ADDED from src\main\AndroidManifest.xml:34:17-68
	android:name
		ADDED from src\main\AndroidManifest.xml:34:25-66
category#android.intent.category.LAUNCHER
ADDED from src\main\AndroidManifest.xml:35:17-76
	android:name
		ADDED from src\main\AndroidManifest.xml:35:27-74
uses-sdk
INJECTED from src\main\AndroidManifest.xml reason: use-sdk injection requested
INJECTED from src\main\AndroidManifest.xml
INJECTED from src\main\AndroidManifest.xml
MERGED from [com.google.firebase:firebase-core:9.0.0] AndroidManifest.xml:4:5-42
MERGED from [com.google.firebase:firebase-core:9.0.0] AndroidManifest.xml:4:5-42
MERGED from [:camera] AndroidManifest.xml:5:5-44
MERGED from [:camera] AndroidManifest.xml:5:5-44
MERGED from [:tflite] AndroidManifest.xml:5:5-44
MERGED from [:tflite] AndroidManifest.xml:5:5-44
MERGED from [androidx.multidex:multidex:2.0.0] AndroidManifest.xml:20:5-43
MERGED from [androidx.multidex:multidex:2.0.0] AndroidManifest.xml:20:5-43
MERGED from [com.google.firebase:firebase-analytics:9.0.0] AndroidManifest.xml:18:5-42
MERGED from [com.google.firebase:firebase-analytics:9.0.0] AndroidManifest.xml:18:5-42
MERGED from [com.google.firebase:firebase-analytics-impl:9.0.0] AndroidManifest.xml:18:5-42
MERGED from [com.google.firebase:firebase-analytics-impl:9.0.0] AndroidManifest.xml:18:5-42
MERGED from [com.google.android.gms:play-services-base:9.0.0] AndroidManifest.xml:18:5-42
MERGED from [com.google.android.gms:play-services-base:9.0.0] AndroidManifest.xml:18:5-42
MERGED from [com.google.firebase:firebase-iid:9.0.0] AndroidManifest.xml:18:5-42
MERGED from [com.google.firebase:firebase-iid:9.0.0] AndroidManifest.xml:18:5-42
MERGED from [com.google.firebase:firebase-common:9.0.0] AndroidManifest.xml:4:5-43
MERGED from [com.google.firebase:firebase-common:9.0.0] AndroidManifest.xml:4:5-43
MERGED from [com.google.android.gms:play-services-tasks:9.0.0] AndroidManifest.xml:4:5-43
MERGED from [com.google.android.gms:play-services-tasks:9.0.0] AndroidManifest.xml:4:5-43
MERGED from [com.google.android.gms:play-services-basement:9.0.0] AndroidManifest.xml:18:5-42
MERGED from [com.google.android.gms:play-services-basement:9.0.0] AndroidManifest.xml:18:5-42
MERGED from [androidx.legacy:legacy-support-v4:1.0.0-rc01] AndroidManifest.xml:20:5-44
MERGED from [androidx.legacy:legacy-support-v4:1.0.0-rc01] AndroidManifest.xml:20:5-44
MERGED from [androidx.fragment:fragment:1.1.0] AndroidManifest.xml:20:5-22:41
MERGED from [androidx.fragment:fragment:1.1.0] AndroidManifest.xml:20:5-22:41
MERGED from [androidx.activity:activity:1.0.0] AndroidManifest.xml:20:5-22:41
MERGED from [androidx.activity:activity:1.0.0] AndroidManifest.xml:20:5-22:41
MERGED from [androidx.legacy:legacy-support-core-ui:1.0.0-rc01] AndroidManifest.xml:20:5-44
MERGED from [androidx.legacy:legacy-support-core-ui:1.0.0-rc01] AndroidManifest.xml:20:5-44
MERGED from [androidx.viewpager:viewpager:1.0.0] AndroidManifest.xml:20:5-44
MERGED from [androidx.viewpager:viewpager:1.0.0] AndroidManifest.xml:20:5-44
MERGED from [androidx.legacy:legacy-support-core-utils:1.0.0-rc01] AndroidManifest.xml:20:5-44
MERGED from [androidx.legacy:legacy-support-core-utils:1.0.0-rc01] AndroidManifest.xml:20:5-44
MERGED from [androidx.loader:loader:1.0.0] AndroidManifest.xml:20:5-44
MERGED from [androidx.loader:loader:1.0.0] AndroidManifest.xml:20:5-44
MERGED from [androidx.coordinatorlayout:coordinatorlayout:1.0.0-rc01] AndroidManifest.xml:20:5-44
MERGED from [androidx.coordinatorlayout:coordinatorlayout:1.0.0-rc01] AndroidManifest.xml:20:5-44
MERGED from [androidx.drawerlayout:drawerlayout:1.0.0-rc01] AndroidManifest.xml:20:5-44
MERGED from [androidx.drawerlayout:drawerlayout:1.0.0-rc01] AndroidManifest.xml:20:5-44
MERGED from [androidx.slidingpanelayout:slidingpanelayout:1.0.0-rc01] AndroidManifest.xml:20:5-44
MERGED from [androidx.slidingpanelayout:slidingpanelayout:1.0.0-rc01] AndroidManifest.xml:20:5-44
MERGED from [androidx.customview:customview:1.0.0] AndroidManifest.xml:20:5-44
MERGED from [androidx.customview:customview:1.0.0] AndroidManifest.xml:20:5-44
MERGED from [androidx.media:media:1.0.0-rc01] AndroidManifest.xml:20:5-44
MERGED from [androidx.media:media:1.0.0-rc01] AndroidManifest.xml:20:5-44
MERGED from [androidx.swiperefreshlayout:swiperefreshlayout:1.0.0-rc01] AndroidManifest.xml:20:5-44
MERGED from [androidx.swiperefreshlayout:swiperefreshlayout:1.0.0-rc01] AndroidManifest.xml:20:5-44
MERGED from [androidx.asynclayoutinflater:asynclayoutinflater:1.0.0-rc01] AndroidManifest.xml:20:5-44
MERGED from [androidx.asynclayoutinflater:asynclayoutinflater:1.0.0-rc01] AndroidManifest.xml:20:5-44
MERGED from [androidx.core:core:1.1.0] AndroidManifest.xml:20:5-22:41
MERGED from [androidx.core:core:1.1.0] AndroidManifest.xml:20:5-22:41
MERGED from [androidx.lifecycle:lifecycle-runtime:2.2.0] AndroidManifest.xml:20:5-22:41
MERGED from [androidx.lifecycle:lifecycle-runtime:2.2.0] AndroidManifest.xml:20:5-22:41
MERGED from [androidx.savedstate:savedstate:1.0.0] AndroidManifest.xml:20:5-22:41
MERGED from [androidx.savedstate:savedstate:1.0.0] AndroidManifest.xml:20:5-22:41
MERGED from [androidx.lifecycle:lifecycle-livedata:2.0.0] AndroidManifest.xml:20:5-44
MERGED from [androidx.lifecycle:lifecycle-livedata:2.0.0] AndroidManifest.xml:20:5-44
MERGED from [androidx.lifecycle:lifecycle-livedata-core:2.0.0] AndroidManifest.xml:20:5-44
MERGED from [androidx.lifecycle:lifecycle-livedata-core:2.0.0] AndroidManifest.xml:20:5-44
MERGED from [androidx.arch.core:core-runtime:2.0.0] AndroidManifest.xml:20:5-44
MERGED from [androidx.arch.core:core-runtime:2.0.0] AndroidManifest.xml:20:5-44
MERGED from [androidx.versionedparcelable:versionedparcelable:1.1.0] AndroidManifest.xml:20:5-22:41
MERGED from [androidx.versionedparcelable:versionedparcelable:1.1.0] AndroidManifest.xml:20:5-22:41
MERGED from [androidx.lifecycle:lifecycle-viewmodel:2.1.0] AndroidManifest.xml:20:5-44
MERGED from [androidx.lifecycle:lifecycle-viewmodel:2.1.0] AndroidManifest.xml:20:5-44
MERGED from [androidx.documentfile:documentfile:1.0.0-rc01] AndroidManifest.xml:20:5-44
MERGED from [androidx.documentfile:documentfile:1.0.0-rc01] AndroidManifest.xml:20:5-44
MERGED from [androidx.localbroadcastmanager:localbroadcastmanager:1.0.0-rc01] AndroidManifest.xml:20:5-44
MERGED from [androidx.localbroadcastmanager:localbroadcastmanager:1.0.0-rc01] AndroidManifest.xml:20:5-44
MERGED from [androidx.print:print:1.0.0-rc01] AndroidManifest.xml:20:5-44
MERGED from [androidx.print:print:1.0.0-rc01] AndroidManifest.xml:20:5-44
MERGED from [androidx.interpolator:interpolator:1.0.0-rc01] AndroidManifest.xml:20:5-44
MERGED from [androidx.interpolator:interpolator:1.0.0-rc01] AndroidManifest.xml:20:5-44
MERGED from [androidx.cursoradapter:cursoradapter:1.0.0-rc01] AndroidManifest.xml:20:5-44
MERGED from [androidx.cursoradapter:cursoradapter:1.0.0-rc01] AndroidManifest.xml:20:5-44
MERGED from [org.tensorflow:tensorflow-lite:2.2.0] AndroidManifest.xml:7:5-8:41
MERGED from [org.tensorflow:tensorflow-lite:2.2.0] AndroidManifest.xml:7:5-8:41
INJECTED from src\main\AndroidManifest.xml
INJECTED from src\main\AndroidManifest.xml
	android:targetSdkVersion
		INJECTED from src\main\AndroidManifest.xml
		ADDED from src\main\AndroidManifest.xml
		INJECTED from src\main\AndroidManifest.xml
	android:minSdkVersion
		INJECTED from src\main\AndroidManifest.xml
		ADDED from src\main\AndroidManifest.xml
		MERGED from src\main\AndroidManifest.xml
		INJECTED from src\main\AndroidManifest.xml
uses-permission#android.permission.CAMERA
ADDED from [:camera] AndroidManifest.xml:7:5-65
	android:name
		ADDED from [:camera] AndroidManifest.xml:7:22-62
uses-permission#android.permission.RECORD_AUDIO
ADDED from [:camera] AndroidManifest.xml:8:5-71
	android:name
		ADDED from [:camera] AndroidManifest.xml:8:22-68
uses-permission#android.permission.ACCESS_NETWORK_STATE
ADDED from [com.google.firebase:firebase-analytics:9.0.0] AndroidManifest.xml:22:5-79
MERGED from [com.google.firebase:firebase-analytics-impl:9.0.0] AndroidManifest.xml:22:5-79
MERGED from [com.google.firebase:firebase-analytics-impl:9.0.0] AndroidManifest.xml:22:5-79
MERGED from [com.google.firebase:firebase-iid:9.0.0] AndroidManifest.xml:20:5-79
MERGED from [com.google.firebase:firebase-iid:9.0.0] AndroidManifest.xml:20:5-79
	android:name
		ADDED from [com.google.firebase:firebase-analytics:9.0.0] AndroidManifest.xml:22:22-76
uses-permission#android.permission.WAKE_LOCK
ADDED from [com.google.firebase:firebase-analytics:9.0.0] AndroidManifest.xml:24:5-67
MERGED from [com.google.firebase:firebase-analytics-impl:9.0.0] AndroidManifest.xml:24:5-67
MERGED from [com.google.firebase:firebase-analytics-impl:9.0.0] AndroidManifest.xml:24:5-67
MERGED from [com.google.firebase:firebase-iid:9.0.0] AndroidManifest.xml:22:5-68
MERGED from [com.google.firebase:firebase-iid:9.0.0] AndroidManifest.xml:22:5-68
	android:name
		ADDED from [com.google.firebase:firebase-analytics:9.0.0] AndroidManifest.xml:24:22-65
receiver#com.google.android.gms.measurement.AppMeasurementReceiver
ADDED from [com.google.firebase:firebase-analytics:9.0.0] AndroidManifest.xml:28:7-34:18
MERGED from [com.google.firebase:firebase-analytics-impl:9.0.0] AndroidManifest.xml:28:7-34:18
MERGED from [com.google.firebase:firebase-analytics-impl:9.0.0] AndroidManifest.xml:28:7-34:18
	android:enabled
		ADDED from [com.google.firebase:firebase-analytics:9.0.0] AndroidManifest.xml:30:11-33
	android:name
		ADDED from [com.google.firebase:firebase-analytics:9.0.0] AndroidManifest.xml:29:11-83
intent-filter#action:name:com.google.android.gms.measurement.UPLOAD
ADDED from [com.google.firebase:firebase-analytics:9.0.0] AndroidManifest.xml:31:9-33:25
action#com.google.android.gms.measurement.UPLOAD
ADDED from [com.google.firebase:firebase-analytics:9.0.0] AndroidManifest.xml:32:11-77
	android:name
		ADDED from [com.google.firebase:firebase-analytics:9.0.0] AndroidManifest.xml:32:19-75
service#com.google.android.gms.measurement.AppMeasurementService
ADDED from [com.google.firebase:firebase-analytics:9.0.0] AndroidManifest.xml:36:7-39:37
MERGED from [com.google.firebase:firebase-analytics-impl:9.0.0] AndroidManifest.xml:36:7-39:37
MERGED from [com.google.firebase:firebase-analytics-impl:9.0.0] AndroidManifest.xml:36:7-39:37
	android:enabled
		ADDED from [com.google.firebase:firebase-analytics:9.0.0] AndroidManifest.xml:38:11-33
	android:exported
		ADDED from [com.google.firebase:firebase-analytics:9.0.0] AndroidManifest.xml:39:11-35
	android:name
		ADDED from [com.google.firebase:firebase-analytics:9.0.0] AndroidManifest.xml:37:11-82
activity#com.google.android.gms.common.api.GoogleApiActivity
ADDED from [com.google.android.gms:play-services-base:9.0.0] AndroidManifest.xml:20:9-22:45
	android:exported
		ADDED from [com.google.android.gms:play-services-base:9.0.0] AndroidManifest.xml:22:19-43
	android:theme
		ADDED from [com.google.android.gms:play-services-base:9.0.0] AndroidManifest.xml:21:19-78
	android:name
		ADDED from [com.google.android.gms:play-services-base:9.0.0] AndroidManifest.xml:20:19-85
uses-permission#com.google.android.c2dm.permission.RECEIVE
ADDED from [com.google.firebase:firebase-iid:9.0.0] AndroidManifest.xml:23:5-82
	android:name
		ADDED from [com.google.firebase:firebase-iid:9.0.0] AndroidManifest.xml:23:22-79
permission#${applicationId}.permission.C2D_MESSAGE
ADDED from [com.google.firebase:firebase-iid:9.0.0] AndroidManifest.xml:25:5-26:47
	android:protectionLevel
		ADDED from [com.google.firebase:firebase-iid:9.0.0] AndroidManifest.xml:26:9-44
	android:name
		ADDED from [com.google.firebase:firebase-iid:9.0.0] AndroidManifest.xml:25:17-71
permission#com.example.examplerealtime.permission.C2D_MESSAGE
ADDED from [com.google.firebase:firebase-iid:9.0.0] AndroidManifest.xml:25:5-26:47
	android:protectionLevel
		ADDED from [com.google.firebase:firebase-iid:9.0.0] AndroidManifest.xml:26:9-44
	android:name
		ADDED from [com.google.firebase:firebase-iid:9.0.0] AndroidManifest.xml:25:17-71
uses-permission#${applicationId}.permission.C2D_MESSAGE
ADDED from [com.google.firebase:firebase-iid:9.0.0] AndroidManifest.xml:28:5-79
	android:name
		ADDED from [com.google.firebase:firebase-iid:9.0.0] AndroidManifest.xml:28:22-76
uses-permission#com.example.examplerealtime.permission.C2D_MESSAGE
ADDED from [com.google.firebase:firebase-iid:9.0.0] AndroidManifest.xml:28:5-79
	android:name
		ADDED from [com.google.firebase:firebase-iid:9.0.0] AndroidManifest.xml:28:22-76
receiver#com.google.firebase.iid.FirebaseInstanceIdReceiver
ADDED from [com.google.firebase:firebase-iid:9.0.0] AndroidManifest.xml:32:9-41:20
	android:exported
		ADDED from [com.google.firebase:firebase-iid:9.0.0] AndroidManifest.xml:34:13-36
	android:permission
		ADDED from [com.google.firebase:firebase-iid:9.0.0] AndroidManifest.xml:35:13-73
	android:name
		ADDED from [com.google.firebase:firebase-iid:9.0.0] AndroidManifest.xml:33:13-78
intent-filter#action:name:com.google.android.c2dm.intent.RECEIVE+action:name:com.google.android.c2dm.intent.REGISTRATION+category:name:${applicationId}
ADDED from [com.google.firebase:firebase-iid:9.0.0] AndroidManifest.xml:36:13-40:29
intent-filter#action:name:com.google.android.c2dm.intent.RECEIVE+action:name:com.google.android.c2dm.intent.REGISTRATION+category:name:com.example.examplerealtime
ADDED from [com.google.firebase:firebase-iid:9.0.0] AndroidManifest.xml:36:13-40:29
action#com.google.android.c2dm.intent.RECEIVE
ADDED from [com.google.firebase:firebase-iid:9.0.0] AndroidManifest.xml:37:17-81
	android:name
		ADDED from [com.google.firebase:firebase-iid:9.0.0] AndroidManifest.xml:37:25-78
action#com.google.android.c2dm.intent.REGISTRATION
ADDED from [com.google.firebase:firebase-iid:9.0.0] AndroidManifest.xml:38:17-86
	android:name
		ADDED from [com.google.firebase:firebase-iid:9.0.0] AndroidManifest.xml:38:25-83
category#${applicationId}
ADDED from [com.google.firebase:firebase-iid:9.0.0] AndroidManifest.xml:39:17-61
	android:name
		ADDED from [com.google.firebase:firebase-iid:9.0.0] AndroidManifest.xml:39:27-58
category#com.example.examplerealtime
ADDED from [com.google.firebase:firebase-iid:9.0.0] AndroidManifest.xml:39:17-61
	android:name
		ADDED from [com.google.firebase:firebase-iid:9.0.0] AndroidManifest.xml:39:27-58
receiver#com.google.firebase.iid.FirebaseInstanceIdInternalReceiver
ADDED from [com.google.firebase:firebase-iid:9.0.0] AndroidManifest.xml:45:9-47:40
	android:exported
		ADDED from [com.google.firebase:firebase-iid:9.0.0] AndroidManifest.xml:47:13-37
	android:name
		ADDED from [com.google.firebase:firebase-iid:9.0.0] AndroidManifest.xml:46:13-86
service#com.google.firebase.iid.FirebaseInstanceIdService
ADDED from [com.google.firebase:firebase-iid:9.0.0] AndroidManifest.xml:51:9-57:19
	android:exported
		ADDED from [com.google.firebase:firebase-iid:9.0.0] AndroidManifest.xml:53:13-36
	android:name
		ADDED from [com.google.firebase:firebase-iid:9.0.0] AndroidManifest.xml:52:13-77
intent-filter#action:name:com.google.firebase.INSTANCE_ID_EVENT
ADDED from [com.google.firebase:firebase-iid:9.0.0] AndroidManifest.xml:54:13-56:29
	android:priority
		ADDED from [com.google.firebase:firebase-iid:9.0.0] AndroidManifest.xml:54:28-51
action#com.google.firebase.INSTANCE_ID_EVENT
ADDED from [com.google.firebase:firebase-iid:9.0.0] AndroidManifest.xml:55:17-80
	android:name
		ADDED from [com.google.firebase:firebase-iid:9.0.0] AndroidManifest.xml:55:25-77
provider#com.google.firebase.provider.FirebaseInitProvider
ADDED from [com.google.firebase:firebase-common:9.0.0] AndroidManifest.xml:7:9-11:39
	android:authorities
		ADDED from [com.google.firebase:firebase-common:9.0.0] AndroidManifest.xml:8:13-72
	android:exported
		ADDED from [com.google.firebase:firebase-common:9.0.0] AndroidManifest.xml:10:13-37
	android:initOrder
		ADDED from [com.google.firebase:firebase-common:9.0.0] AndroidManifest.xml:11:13-36
	android:name
		ADDED from [com.google.firebase:firebase-common:9.0.0] AndroidManifest.xml:9:13-58
meta-data#com.google.android.gms.version
ADDED from [com.google.android.gms:play-services-basement:9.0.0] AndroidManifest.xml:21:9-23:69
	android:value
		ADDED from [com.google.android.gms:play-services-basement:9.0.0] AndroidManifest.xml:23:13-66
	android:name
		ADDED from [com.google.android.gms:play-services-basement:9.0.0] AndroidManifest.xml:22:13-58